<?xml version="1.0" encoding="UTF-8"?>
<!-- Generated by org.testng.reporters.JUnitXMLReporter -->
<testsuite ignored="0" hostname="DESKTOP-V827NF1" failures="0" tests="4" name="Regression1" time="0.032" errors="0" timestamp="28 Apr 2019 05:34:02 GMT">
  <testcase classname="TestNgPractice.TestNgPractice.TestNG" name="Test1" time="0.004"/>
  <testcase classname="TestNgPractice.TestNgPractice.TestNG" name="Test2" time="0.001"/>
  <testcase classname="TestNgPractice.TestNgPractice.TestNG2" name="Test1" time="0.001"/>
  <testcase classname="TestNgPractice.TestNgPractice.TestNG2" name="Test2" time="0.001"/>
</testsuite> <!-- Regression1 -->
