<?xml version="1.0" encoding="UTF-8"?>
<testng-results ignored="0" total="2" passed="2" failed="0" skipped="0">
  <reporter-output>
  </reporter-output>
  <suite started-at="2019-04-29T00:53:47Z" name="Default suite" finished-at="2019-04-29T00:53:47Z" duration-ms="25">
    <groups>
    </groups>
    <test started-at="2019-04-29T00:53:47Z" name="Default test" finished-at="2019-04-29T00:53:47Z" duration-ms="25">
      <class name="TestNgPractice.TestNgPractice.TestNG">
        <test-method is-config="true" signature="BeforeSuite()[pri:0, instance:TestNgPractice.TestNgPractice.TestNG@17f7cd29]" started-at="2019-04-29T00:53:47Z" name="BeforeSuite" finished-at="2019-04-29T00:53:47Z" duration-ms="9" status="PASS">
          <reporter-output>
          </reporter-output>
        </test-method> <!-- BeforeSuite -->
        <test-method is-config="true" signature="BeforeTest()[pri:0, instance:TestNgPractice.TestNgPractice.TestNG@17f7cd29]" started-at="2019-04-29T00:53:47Z" name="BeforeTest" finished-at="2019-04-29T00:53:47Z" duration-ms="0" status="PASS">
          <reporter-output>
          </reporter-output>
        </test-method> <!-- BeforeTest -->
        <test-method is-config="true" signature="BeforeClass()[pri:0, instance:TestNgPractice.TestNgPractice.TestNG@17f7cd29]" started-at="2019-04-29T00:53:47Z" name="BeforeClass" finished-at="2019-04-29T00:53:47Z" duration-ms="2" status="PASS">
          <reporter-output>
          </reporter-output>
        </test-method> <!-- BeforeClass -->
        <test-method signature="Test1()[pri:0, instance:TestNgPractice.TestNgPractice.TestNG@17f7cd29]" started-at="2019-04-29T00:53:47Z" name="Test1" finished-at="2019-04-29T00:53:47Z" duration-ms="3" status="PASS">
          <reporter-output>
          </reporter-output>
        </test-method> <!-- Test1 -->
        <test-method is-config="true" signature="BeforeMethod()[pri:0, instance:TestNgPractice.TestNgPractice.TestNG@17f7cd29]" started-at="2019-04-29T00:53:47Z" name="BeforeMethod" finished-at="2019-04-29T00:53:47Z" duration-ms="0" status="PASS">
          <reporter-output>
          </reporter-output>
        </test-method> <!-- BeforeMethod -->
        <test-method is-config="true" signature="BeforeMethod()[pri:0, instance:TestNgPractice.TestNgPractice.TestNG@17f7cd29]" started-at="2019-04-29T00:53:47Z" name="BeforeMethod" finished-at="2019-04-29T00:53:47Z" duration-ms="1" status="PASS">
          <reporter-output>
          </reporter-output>
        </test-method> <!-- BeforeMethod -->
        <test-method is-config="true" signature="AfterMethod()[pri:0, instance:TestNgPractice.TestNgPractice.TestNG@17f7cd29]" started-at="2019-04-29T00:53:47Z" name="AfterMethod" finished-at="2019-04-29T00:53:47Z" duration-ms="0" status="PASS">
          <reporter-output>
          </reporter-output>
        </test-method> <!-- AfterMethod -->
        <test-method signature="Test2()[pri:0, instance:TestNgPractice.TestNgPractice.TestNG@17f7cd29]" started-at="2019-04-29T00:53:47Z" name="Test2" finished-at="2019-04-29T00:53:47Z" duration-ms="1" status="PASS">
          <reporter-output>
          </reporter-output>
        </test-method> <!-- Test2 -->
        <test-method is-config="true" signature="AfterMethod()[pri:0, instance:TestNgPractice.TestNgPractice.TestNG@17f7cd29]" started-at="2019-04-29T00:53:47Z" name="AfterMethod" finished-at="2019-04-29T00:53:47Z" duration-ms="1" status="PASS">
          <reporter-output>
          </reporter-output>
        </test-method> <!-- AfterMethod -->
        <test-method is-config="true" signature="Afterclass()[pri:0, instance:TestNgPractice.TestNgPractice.TestNG@17f7cd29]" started-at="2019-04-29T00:53:47Z" name="Afterclass" finished-at="2019-04-29T00:53:47Z" duration-ms="0" status="PASS">
          <reporter-output>
          </reporter-output>
        </test-method> <!-- Afterclass -->
        <test-method is-config="true" signature="AfterTest()[pri:0, instance:TestNgPractice.TestNgPractice.TestNG@17f7cd29]" started-at="2019-04-29T00:53:47Z" name="AfterTest" finished-at="2019-04-29T00:53:47Z" duration-ms="0" status="PASS">
          <reporter-output>
          </reporter-output>
        </test-method> <!-- AfterTest -->
        <test-method is-config="true" signature="AfterSuite()[pri:0, instance:TestNgPractice.TestNgPractice.TestNG@17f7cd29]" started-at="2019-04-29T00:53:47Z" name="AfterSuite" finished-at="2019-04-29T00:53:47Z" duration-ms="0" status="PASS">
          <reporter-output>
          </reporter-output>
        </test-method> <!-- AfterSuite -->
      </class> <!-- TestNgPractice.TestNgPractice.TestNG -->
    </test> <!-- Default test -->
  </suite> <!-- Default suite -->
</testng-results>
